No configuration for route "/portfolio/blog/:slug" found. Skipping

----------------------------------
Using stored unhandled routes!.
   To discover new routes in the angular app use "npm run scully -- --scanRoutes"
----------------------------------No configuration for route "/portfolio/blog/:slug" found. Skipping


----------------------------------
Using stored unhandled routes!.
   To discover new routes in the angular app use "npm run scully -- --scanRoutes"
----------------------------------No configuration for route "/portfolio/blog/:slug" found. Skipping


----------------------------------
Using stored unhandled routes!.
   To discover new routes in the angular app use "npm run scully -- --scanRoutes"
----------------------------------No configuration for route "/portfolio/blog/:slug" found. Skipping


----------------------------------
Using stored unhandled routes!.
   To discover new routes in the angular app use "npm run scully -- --scanRoutes"
----------------------------------No configuration for route "/portfolio/blog/:slug" found. Skipping


----------------------------------
Using stored unhandled routes!.
   To discover new routes in the angular app use "npm run scully -- --scanRoutes"
----------------------------------No configuration for route "/portfolio/blog/:slug" found. Skipping


----------------------------------
Using stored unhandled routes!.
   To discover new routes in the angular app use "npm run scully -- --scanRoutes"
----------------------------------No configuration for route "/portfolio/blog/:slug" found. Skipping


----------------------------------
Using stored unhandled routes!.
   To discover new routes in the angular app use "npm run scully -- --scanRoutes"
----------------------------------No configuration for route "/portfolio/blog/:slug" found. Skipping


----------------------------------
Using stored unhandled routes!.
   To discover new routes in the angular app use "npm run scully -- --scanRoutes"
----------------------------------No configuration for route "/portfolio/blog/:slug" found. Skipping


----------------------------------
Using stored unhandled routes!.
   To discover new routes in the angular app use "npm run scully -- --scanRoutes"
----------------------------------No configuration for route "/portfolio/blog/:slug" found. Skipping


----------------------------------
Using stored unhandled routes!.
   To discover new routes in the angular app use "npm run scully -- --scanRoutes"
----------------------------------No configuration for route "/portfolio/blog/:slug" found. Skipping


----------------------------------
Using stored unhandled routes!.
   To discover new routes in the angular app use "npm run scully -- --scanRoutes"
----------------------------------No configuration for route "/portfolio/blog/:slug" found. Skipping


----------------------------------
Using stored unhandled routes!.
   To discover new routes in the angular app use "npm run scully -- --scanRoutes"
----------------------------------No configuration for route "/portfolio/blog/:slug" found. Skipping


----------------------------------
Using stored unhandled routes!.
   To discover new routes in the angular app use "npm run scully -- --scanRoutes"
----------------------------------No configuration for route "/portfolio/blog/:slug" found. Skipping


----------------------------------
Using stored unhandled routes!.
   To discover new routes in the angular app use "npm run scully -- --scanRoutes"
----------------------------------No configuration for route "/portfolio/blog/:slug" found. Skipping


----------------------------------
Using stored unhandled routes!.
   To discover new routes in the angular app use "npm run scully -- --scanRoutes"
----------------------------------No configuration for route "/portfolio/blog/:slug" found. Skipping


----------------------------------
Using stored unhandled routes!.
   To discover new routes in the angular app use "npm run scully -- --scanRoutes"
----------------------------------No configuration for route "/portfolio/blog/:slug" found. Skipping


----------------------------------
Using stored unhandled routes!.
   To discover new routes in the angular app use "npm run scully -- --scanRoutes"
----------------------------------No configuration for route "/portfolio/blog/:slug" found. Skipping


----------------------------------
Using stored unhandled routes!.
   To discover new routes in the angular app use "npm run scully -- --scanRoutes"
----------------------------------No configuration for route "/portfolio/blog/:slug" found. Skipping


----------------------------------
Using stored unhandled routes!.
   To discover new routes in the angular app use "npm run scully -- --scanRoutes"
----------------------------------No configuration for route "/portfolio/blog/:slug" found. Skipping


----------------------------------
Using stored unhandled routes!.
   To discover new routes in the angular app use "npm run scully -- --scanRoutes"
----------------------------------No configuration for route "/portfolio/blog/:slug" found. Skipping


----------------------------------
Using stored unhandled routes!.
   To discover new routes in the angular app use "npm run scully -- --scanRoutes"
----------------------------------No configuration for route "/portfolio/blog/:slug" found. Skipping


----------------------------------
Using stored unhandled routes!.
   To discover new routes in the angular app use "npm run scully -- --scanRoutes"
----------------------------------No configuration for route "/portfolio/blog/:slug" found. Skipping


----------------------------------
Using stored unhandled routes!.
   To discover new routes in the angular app use "npm run scully -- --scanRoutes"
----------------------------------No configuration for route "/portfolio/blog/:slug" found. Skipping


----------------------------------
Using stored unhandled routes!.
   To discover new routes in the angular app use "npm run scully -- --scanRoutes"
----------------------------------No configuration for route "/portfolio/blog/:slug" found. Skipping


----------------------------------
Using stored unhandled routes!.
   To discover new routes in the angular app use "npm run scully -- --scanRoutes"
----------------------------------No configuration for route "/portfolio/blog/:slug" found. Skipping


      ----------------
      Error, missing "<scully-content>" in route "/blog/best-resources-to-learn-programramming-for-free"
      without <scully-content> we can not render this route.
      Make sure it is in there, and not inside any conditionals (*ngIf)
      You can check this by opening "http://localhost:4200/blog/best-resources-to-learn-programramming-for-free"
      when you serve your app with ng serve and then in the browsers console run:
      document.querySelector('scully-content')
      ----------------
      

      ----------------
      Error, missing "<scully-content>" in route "/blog/react-vs-angular"
      without <scully-content> we can not render this route.
      Make sure it is in there, and not inside any conditionals (*ngIf)
      You can check this by opening "http://localhost:4200/blog/react-vs-angular"
      when you serve your app with ng serve and then in the browsers console run:
      document.querySelector('scully-content')
      ----------------
      

      ----------------
      Error, missing "<scully-content>" in route "/blog/ways-to-make-money-as-a-developer"
      without <scully-content> we can not render this route.
      Make sure it is in there, and not inside any conditionals (*ngIf)
      You can check this by opening "http://localhost:4200/blog/ways-to-make-money-as-a-developer"
      when you serve your app with ng serve and then in the browsers console run:
      document.querySelector('scully-content')
      ----------------
      

----------------------------------
Using stored unhandled routes!.
   To discover new routes in the angular app use "npm run scully -- --scanRoutes"
----------------------------------No configuration for route "/portfolio/blog/:slug" found. Skipping


----------------------------------
Using stored unhandled routes!.
   To discover new routes in the angular app use "npm run scully -- --scanRoutes"
----------------------------------No configuration for route "/portfolio/blog/:slug" found. Skipping


----------------------------------
Using stored unhandled routes!.
   To discover new routes in the angular app use "npm run scully -- --scanRoutes"
----------------------------------No configuration for route "/portfolio/blog/:slug" found. Skipping


----------------------------------
Using stored unhandled routes!.
   To discover new routes in the angular app use "npm run scully -- --scanRoutes"
----------------------------------No configuration for route "/portfolio/blog/:slug" found. Skipping

